<?xml version="1.0" encoding="UTF-8"?>
<testng-results ignored="0" total="3" passed="2" failed="1" skipped="0">
  <reporter-output>
    <line>
      <![CDATA[method 1 for login ]]>
    </line>
    <line>
      <![CDATA[method 3 for logout page]]>
    </line>
  </reporter-output>
  <suite started-at="2023-12-04T12:47:23 IST" name="Default suite" finished-at="2023-12-04T12:47:23 IST" duration-ms="134">
    <groups>
    </groups>
    <test started-at="2023-12-04T12:47:23 IST" name="Default test" finished-at="2023-12-04T12:47:23 IST" duration-ms="134">
      <class name="testNGAnnotations.Flag7">
        <test-method signature="method1()[pri:0, instance:testNGAnnotations.Flag7@ffaa6af]" started-at="2023-12-04T12:47:23 IST" name="method1" description="it is use to pefrom login " finished-at="2023-12-04T12:47:23 IST" duration-ms="15" status="PASS">
          <reporter-output>
            <line>
              <![CDATA[method 1 for login ]]>
            </line>
          </reporter-output>
        </test-method> <!-- method1 -->
        <test-method signature="method2()[pri:0, instance:testNGAnnotations.Flag7@ffaa6af]" started-at="2023-12-04T12:47:23 IST" name="method2" description="it is use to pefrom  create user" finished-at="2023-12-04T12:47:23 IST" depends-on-methods="testNGAnnotations.Flag7.method1" duration-ms="6" status="FAIL">
          <exception class="java.lang.AssertionError">
            <message>
              <![CDATA[null]]>
            </message>
            <full-stacktrace>
              <![CDATA[java.lang.AssertionError: null
at org.testng.Assert.fail(Assert.java:111)
at org.testng.Assert.fail(Assert.java:116)
at testNGAnnotations.Flag7.method2(Flag7.java:16)
at java.base/jdk.internal.reflect.NativeMethodAccessorImpl.invoke0(Native Method)
at java.base/jdk.internal.reflect.NativeMethodAccessorImpl.invoke(NativeMethodAccessorImpl.java:77)
at java.base/jdk.internal.reflect.DelegatingMethodAccessorImpl.invoke(DelegatingMethodAccessorImpl.java:43)
at java.base/java.lang.reflect.Method.invoke(Method.java:568)
at org.testng.internal.invokers.MethodInvocationHelper.invokeMethod(MethodInvocationHelper.java:139)
at org.testng.internal.invokers.TestInvoker.invokeMethod(TestInvoker.java:664)
at org.testng.internal.invokers.TestInvoker.invokeTestMethod(TestInvoker.java:227)
at org.testng.internal.invokers.MethodRunner.runInSequence(MethodRunner.java:50)
at org.testng.internal.invokers.TestInvoker$MethodInvocationAgent.invoke(TestInvoker.java:957)
at org.testng.internal.invokers.TestInvoker.invokeTestMethods(TestInvoker.java:200)
at org.testng.internal.invokers.TestMethodWorker.invokeTestMethods(TestMethodWorker.java:148)
at org.testng.internal.invokers.TestMethodWorker.run(TestMethodWorker.java:128)
at java.base/java.util.ArrayList.forEach(ArrayList.java:1511)
at org.testng.TestRunner.privateRun(TestRunner.java:848)
at org.testng.TestRunner.run(TestRunner.java:621)
at org.testng.SuiteRunner.runTest(SuiteRunner.java:443)
at org.testng.SuiteRunner.runSequentially(SuiteRunner.java:437)
at org.testng.SuiteRunner.privateRun(SuiteRunner.java:397)
at org.testng.SuiteRunner.run(SuiteRunner.java:336)
at org.testng.SuiteRunnerWorker.runSuite(SuiteRunnerWorker.java:52)
at org.testng.SuiteRunnerWorker.run(SuiteRunnerWorker.java:95)
at org.testng.TestNG.runSuitesSequentially(TestNG.java:1280)
at org.testng.TestNG.runSuitesLocally(TestNG.java:1200)
at org.testng.TestNG.runSuites(TestNG.java:1114)
at org.testng.TestNG.run(TestNG.java:1082)
at org.testng.remote.AbstractRemoteTestNG.run(AbstractRemoteTestNG.java:115)
at org.testng.remote.RemoteTestNG.initAndRun(RemoteTestNG.java:251)
at org.testng.remote.RemoteTestNG.main(RemoteTestNG.java:77)
]]>
            </full-stacktrace>
          </exception> <!-- java.lang.AssertionError -->
          <reporter-output>
          </reporter-output>
        </test-method> <!-- method2 -->
        <test-method signature="method3()[pri:0, instance:testNGAnnotations.Flag7@ffaa6af]" started-at="2023-12-04T12:47:23 IST" name="method3" description="it is use to pefrom logout" finished-at="2023-12-04T12:47:23 IST" depends-on-methods="testNGAnnotations.Flag7.method2" duration-ms="2" status="PASS">
          <reporter-output>
            <line>
              <![CDATA[method 3 for logout page]]>
            </line>
          </reporter-output>
        </test-method> <!-- method3 -->
      </class> <!-- testNGAnnotations.Flag7 -->
    </test> <!-- Default test -->
  </suite> <!-- Default suite -->
</testng-results>
